<?xml version="1.0" encoding="UTF-8"?>
<testng-results skipped="0" failed="0" ignored="0" total="1" passed="1">
  <reporter-output>
  </reporter-output>
  <suite name="Default suite" duration-ms="116051" started-at="2021-05-09T09:57:08Z" finished-at="2021-05-09T09:59:04Z">
    <groups>
      <group name="cucumber">
        <method signature="AbstractTestNGCucumberTests.feature(cucumber.api.testng.CucumberFeatureWrapper)[pri:0, instance:runner.OutputRunner@49ec71f8]" name="feature" class="cucumber.api.testng.AbstractTestNGCucumberTests"/>
      </group> <!-- cucumber -->
    </groups>
    <test name="Default test" duration-ms="116051" started-at="2021-05-09T09:57:08Z" finished-at="2021-05-09T09:59:04Z">
      <class name="runner.OutputRunner">
        <test-method status="PASS" signature="setUpClass()[pri:0, instance:runner.OutputRunner@49ec71f8]" name="setUpClass" is-config="true" duration-ms="373" started-at="2021-05-09T09:57:08Z" finished-at="2021-05-09T09:57:08Z">
          <reporter-output>
          </reporter-output>
        </test-method> <!-- setUpClass -->
        <test-method status="PASS" signature="feature(cucumber.api.testng.CucumberFeatureWrapper)[pri:0, instance:runner.OutputRunner@49ec71f8]" name="feature" duration-ms="114932" started-at="2021-05-09T09:57:09Z" description="Runs Cucumber Feature" data-provider="features" finished-at="2021-05-09T09:59:03Z">
          <params>
            <param index="0">
              <value>
                <![CDATA[StartLearning]]>
              </value>
            </param>
          </params>
          <reporter-output>
          </reporter-output>
        </test-method> <!-- feature -->
        <test-method status="PASS" signature="tearDownClass()[pri:0, instance:runner.OutputRunner@49ec71f8]" name="tearDownClass" is-config="true" duration-ms="609" started-at="2021-05-09T09:59:03Z" finished-at="2021-05-09T09:59:04Z">
          <reporter-output>
          </reporter-output>
        </test-method> <!-- tearDownClass -->
      </class> <!-- runner.OutputRunner -->
    </test> <!-- Default test -->
  </suite> <!-- Default suite -->
</testng-results>
